SF:lib\backend\user.dart
DA:9,4
DA:18,0
DA:19,0
DA:20,0
DA:21,0
DA:22,0
DA:23,0
DA:24,0
DA:25,0
DA:29,0
DA:31,0
DA:32,0
LF:12
LH:1
end_of_record
SF:lib\pages\onboardingpage.dart
DA:7,1
DA:11,1
DA:12,1
DA:20,1
DA:22,1
DA:23,2
DA:27,4
DA:28,2
DA:31,1
DA:33,1
DA:34,1
DA:45,1
DA:46,1
DA:47,1
DA:48,1
DA:49,1
DA:51,1
DA:52,1
DA:77,1
DA:79,1
DA:81,1
DA:83,1
DA:94,1
DA:95,1
DA:96,4
DA:97,1
DA:98,1
DA:99,0
DA:102,0
DA:103,0
DA:104,0
DA:127,1
DA:129,2
DA:130,1
LF:34
LH:30
end_of_record
SF:lib\pages\loginpage.dart
DA:11,1
DA:13,1
DA:14,1
DA:19,1
DA:21,1
DA:22,1
DA:33,1
DA:34,1
DA:35,1
DA:36,1
DA:37,4
DA:51,1
DA:52,1
DA:53,1
DA:54,2
DA:55,1
DA:57,4
DA:59,1
DA:61,1
DA:63,1
DA:64,1
DA:65,2
DA:66,2
DA:81,1
DA:82,2
DA:83,1
DA:85,4
DA:87,1
DA:89,1
DA:91,1
DA:93,1
DA:94,1
DA:98,1
DA:100,1
DA:107,1
DA:109,1
DA:122,1
DA:124,1
DA:125,1
DA:126,4
DA:127,2
LF:41
LH:41
end_of_record
SF:lib\pages\passpage.dart
DA:10,0
DA:12,0
DA:13,0
DA:18,0
DA:20,0
DA:21,0
DA:32,0
DA:33,0
DA:46,0
DA:48,0
DA:49,0
DA:50,0
DA:63,0
DA:65,0
DA:66,0
DA:67,0
DA:69,0
DA:70,0
DA:71,0
DA:72,0
DA:74,0
LF:21
LH:0
end_of_record
SF:lib\widgets\numpad.dart
DA:15,1
DA:18,1
DA:19,1
DA:24,1
DA:25,4
DA:28,1
DA:30,6
DA:31,1
DA:32,1
DA:34,1
DA:35,1
DA:36,3
DA:38,1
DA:40,1
DA:41,1
DA:43,2
DA:44,2
DA:45,2
DA:46,1
DA:47,2
DA:48,2
DA:49,2
DA:50,2
DA:52,1
DA:54,2
DA:55,2
DA:56,2
DA:57,1
DA:58,2
DA:59,2
DA:60,2
DA:61,2
DA:63,1
DA:65,2
DA:66,2
DA:67,2
DA:68,1
DA:69,2
DA:70,2
DA:71,2
DA:72,2
DA:76,1
DA:78,1
DA:79,1
DA:81,2
DA:82,2
DA:83,2
DA:84,1
DA:85,2
DA:86,2
DA:87,2
DA:88,2
DA:90,1
DA:92,2
DA:93,2
DA:94,2
DA:95,1
DA:96,2
DA:97,2
DA:98,2
DA:99,2
DA:101,1
DA:103,2
DA:104,2
DA:105,2
DA:106,1
DA:107,2
DA:108,2
DA:109,2
DA:110,2
DA:114,1
DA:116,1
DA:117,1
DA:119,2
DA:120,2
DA:121,2
DA:122,2
DA:123,2
DA:124,1
DA:125,2
DA:126,2
DA:128,1
DA:130,2
DA:131,2
DA:132,2
DA:133,2
DA:134,2
DA:135,1
DA:136,2
DA:137,2
DA:139,1
DA:141,2
DA:142,2
DA:143,2
DA:144,1
DA:145,2
DA:146,2
DA:147,2
DA:148,2
DA:152,1
DA:154,1
DA:155,1
DA:157,2
DA:158,2
DA:159,2
DA:160,1
DA:161,2
DA:162,2
DA:163,2
DA:164,2
DA:166,1
DA:168,2
DA:169,2
DA:170,2
DA:171,1
DA:172,2
DA:173,2
DA:174,2
DA:175,2
DA:177,1
DA:179,2
DA:180,2
DA:181,2
DA:182,1
DA:183,2
DA:184,2
DA:185,2
DA:186,2
DA:210,1
DA:215,1
DA:217,2
DA:218,1
DA:219,1
DA:221,0
DA:222,0
DA:225,3
DA:226,3
DA:227,1
DA:228,1
DA:229,1
DA:230,1
DA:231,2
DA:232,4
DA:235,2
DA:236,0
DA:237,0
DA:238,0
DA:240,2
DA:241,0
DA:242,0
DA:243,0
DA:244,0
DA:249,0
DA:250,0
DA:252,0
DA:253,0
DA:257,0
DA:260,0
DA:261,0
DA:262,0
DA:266,0
DA:270,5
DA:271,5
DA:273,1
DA:274,0
DA:275,0
DA:276,0
DA:277,0
DA:278,0
DA:279,0
DA:283,1
DA:286,1
DA:287,1
DA:305,1
DA:307,1
DA:308,1
DA:313,1
DA:315,2
DA:316,3
DA:317,3
DA:318,3
DA:321,3
DA:322,3
DA:324,1
DA:327,1
DA:328,1
DA:329,3
DA:330,3
DA:333,1
DA:334,3
DA:335,3
DA:338,1
DA:339,3
DA:340,3
DA:343,1
DA:344,3
DA:345,3
LF:197
LH:173
end_of_record
SF:lib\widgets\navbar.dart
DA:9,0
DA:11,0
DA:12,0
DA:32,0
DA:33,0
DA:34,0
DA:38,0
DA:40,0
DA:41,0
DA:42,0
DA:44,0
DA:46,0
DA:51,0
DA:73,0
DA:76,0
LF:15
LH:0
end_of_record
SF:lib\backend\category.dart
DA:5,0
DA:22,0
DA:31,0
DA:32,0
DA:33,0
DA:34,0
DA:35,0
DA:36,0
DA:37,0
DA:38,0
DA:42,0
DA:43,0
DA:44,0
DA:45,0
DA:47,0
DA:48,0
DA:51,0
DA:52,0
DA:55,0
DA:58,0
DA:62,0
DA:65,0
DA:71,0
DA:72,0
DA:73,0
DA:74,0
DA:75,0
DA:76,0
DA:77,0
DA:78,0
DA:79,0
DA:80,0
DA:84,0
DA:86,0
DA:87,0
DA:88,0
DA:89,0
LF:37
LH:0
end_of_record
SF:lib\backend\wyrm\database.dart
DA:14,0
DA:15,0
DA:18,0
DA:19,0
DA:20,0
DA:21,0
DA:22,0
DA:31,0
DA:40,0
DA:58,0
DA:59,0
DA:60,0
DA:65,0
DA:70,0
DA:76,0
DA:77,0
DA:78,0
DA:80,0
DA:81,0
DA:83,0
DA:84,0
DA:85,0
DA:86,0
DA:87,0
DA:88,0
DA:89,0
DA:90,0
DA:91,0
DA:92,0
DA:97,0
DA:98,0
DA:99,0
DA:101,0
DA:103,0
DA:104,0
DA:105,0
DA:106,0
DA:107,0
DA:108,0
DA:109,0
DA:110,0
DA:115,0
DA:116,0
DA:117,0
DA:119,0
DA:121,0
DA:122,0
DA:123,0
DA:124,0
DA:125,0
DA:126,0
DA:127,0
DA:128,0
DA:133,0
DA:136,0
DA:137,0
DA:139,0
DA:141,0
DA:142,0
DA:146,0
DA:148,0
DA:149,0
DA:153,0
DA:158,0
DA:161,0
DA:162,0
DA:166,0
DA:167,0
LF:68
LH:0
end_of_record
SF:lib\pages\addexpense.dart
DA:6,0
DA:7,0
DA:16,0
DA:17,0
DA:19,0
DA:20,0
DA:21,0
DA:23,0
DA:24,0
DA:25,0
DA:31,0
DA:33,0
DA:34,0
DA:35,0
DA:36,0
DA:38,0
DA:39,0
DA:40,0
DA:43,0
DA:44,0
DA:45,0
DA:47,0
DA:49,0
DA:50,0
DA:52,0
DA:54,0
DA:57,0
DA:58,0
DA:59,0
DA:60,0
DA:64,0
DA:65,0
DA:66,0
DA:67,0
DA:69,0
DA:71,0
DA:72,0
DA:73,0
DA:76,0
DA:81,0
DA:82,0
DA:84,0
DA:86,0
DA:88,0
DA:89,0
DA:90,0
DA:91,0
DA:93,0
DA:97,0
DA:98,0
DA:99,0
DA:100,0
DA:101,0
DA:103,0
DA:104,0
DA:106,0
DA:107,0
DA:108,0
DA:111,0
DA:114,0
LF:60
LH:0
end_of_record
SF:lib\pages\homepage.dart
DA:15,0
DA:17,0
DA:18,0
DA:27,0
DA:29,0
DA:30,0
DA:33,0
DA:34,0
DA:35,0
DA:36,0
DA:40,0
DA:42,0
DA:43,0
DA:45,0
DA:49,0
DA:50,0
DA:51,0
DA:52,0
DA:53,0
DA:54,0
DA:56,0
DA:57,0
DA:63,0
DA:65,0
DA:68,0
DA:69,0
DA:71,0
DA:72,0
DA:73,0
DA:74,0
DA:75,0
DA:79,0
DA:80,0
DA:82,0
DA:83,0
DA:84,0
DA:85,0
DA:90,0
DA:91,0
DA:92,0
DA:93,0
DA:94,0
DA:95,0
DA:97,0
DA:98,0
DA:102,0
DA:104,0
DA:106,0
DA:109,0
DA:140,0
DA:142,0
DA:152,0
DA:154,0
DA:159,0
DA:167,0
DA:168,0
DA:169,0
DA:170,0
DA:171,0
DA:172,0
DA:173,0
DA:174,0
DA:175,0
DA:176,0
DA:178,0
DA:179,0
DA:180,0
DA:184,0
DA:186,0
DA:188,0
DA:192,0
DA:194,0
DA:195,0
DA:207,0
DA:210,0
DA:211,0
DA:212,0
DA:213,0
DA:214,0
DA:216,0
DA:217,0
DA:218,0
DA:232,0
DA:241,0
DA:243,0
DA:245,0
DA:246,0
DA:247,0
DA:254,0
DA:265,0
DA:266,0
DA:267,0
DA:268,0
DA:269,0
DA:274,0
DA:275,0
LF:96
LH:0
end_of_record
SF:lib\widgets\progress_bar.dart
DA:10,0
DA:18,0
DA:19,0
DA:24,0
DA:26,0
DA:27,0
DA:28,0
DA:29,0
DA:31,0
DA:33,0
DA:34,0
DA:35,0
DA:38,0
DA:39,0
DA:41,0
DA:42,0
DA:43,0
DA:44,0
DA:46,0
DA:48,0
DA:51,0
DA:53,0
DA:57,0
DA:58,0
DA:59,0
DA:76,0
DA:79,0
DA:80,0
DA:81,0
DA:82,0
DA:83,0
DA:84,0
DA:85,0
DA:87,0
DA:91,0
DA:92,0
DA:93,0
DA:94,0
DA:96,0
LF:39
LH:0
end_of_record
SF:lib\widgets\categorywidget.dart
DA:10,0
DA:13,0
DA:14,0
DA:17,0
DA:20,0
DA:22,0
DA:23,0
DA:24,0
DA:25,0
DA:27,0
DA:29,0
DA:30,0
DA:31,0
DA:33,0
DA:34,0
DA:35,0
DA:38,0
DA:39,0
DA:41,0
DA:42,0
DA:44,0
DA:48,0
DA:51,0
DA:52,0
DA:53,0
DA:54,0
DA:62,0
DA:64,0
DA:65,0
DA:68,0
DA:69,0
DA:70,0
LF:32
LH:0
end_of_record
SF:lib\pages\monthlybudgetpage.dart
DA:11,0
DA:13,0
DA:14,0
DA:15,0
DA:16,0
DA:17,0
DA:19,0
DA:20,0
DA:21,0
DA:22,0
DA:30,0
DA:32,0
DA:33,0
DA:34,0
DA:35,0
DA:47,0
DA:48,0
DA:49,0
DA:50,0
DA:51,0
DA:52,0
DA:54,0
DA:55,0
DA:56,0
DA:65,0
DA:122,0
DA:124,0
LF:27
LH:0
end_of_record
SF:lib\pages\registerpage.dart
DA:46,2
DA:48,2
DA:49,2
DA:54,2
DA:55,10
DA:56,5
DA:57,2
DA:63,1
DA:64,3
DA:65,0
DA:68,2
DA:72,2
DA:73,2
DA:76,2
DA:79,2
DA:81,2
DA:82,2
DA:83,2
DA:84,2
DA:85,2
DA:86,6
DA:87,6
DA:98,2
DA:99,2
DA:100,2
DA:101,2
DA:102,8
DA:116,2
DA:119,8
DA:120,8
DA:121,2
DA:123,2
DA:125,2
DA:126,6
DA:141,2
DA:144,8
DA:145,8
DA:146,2
DA:148,2
DA:150,2
DA:152,6
DA:153,1
DA:154,1
DA:156,1
DA:157,1
DA:158,1
DA:162,2
DA:163,4
DA:164,4
DA:182,2
DA:184,2
DA:185,2
DA:187,8
DA:189,2
DA:190,1
DA:191,2
DA:192,3
DA:193,0
DA:194,0
DA:200,1
DA:201,2
DA:209,4
DA:219,2
DA:220,1
DA:221,2
DA:222,2
DA:238,2
DA:240,8
DA:242,2
DA:243,2
DA:244,2
DA:246,2
DA:247,2
DA:248,0
DA:249,0
DA:250,0
DA:251,0
DA:252,0
DA:266,2
DA:268,2
DA:269,1
DA:270,1
DA:287,2
DA:288,4
DA:289,2
DA:290,1
DA:291,2
DA:292,2
DA:295,2
DA:296,2
DA:297,8
DA:298,8
DA:299,8
DA:300,8
DA:301,2
DA:302,2
DA:304,4
DA:307,2
DA:310,2
DA:311,2
DA:312,2
DA:313,2
DA:314,4
LF:103
LH:95
end_of_record
SF:lib\widgets\graphcard.dart
DA:9,0
DA:12,0
DA:13,0
DA:18,0
DA:20,0
DA:25,0
DA:27,0
DA:28,0
DA:29,0
DA:30,0
DA:31,0
DA:33,0
DA:35,0
DA:36,0
DA:37,0
DA:38,0
DA:39,0
DA:40,0
DA:41,0
DA:42,0
DA:43,0
DA:52,0
DA:53,0
DA:54,0
DA:55,0
DA:56,0
DA:57,0
DA:58,0
DA:67,0
DA:68,0
DA:69,0
DA:71,0
DA:73,0
DA:74,0
DA:83,0
DA:85,0
DA:86,0
DA:88,0
DA:89,0
DA:90,0
DA:91,0
LF:41
LH:0
end_of_record
SF:lib\widgets\trajectorywidget.dart
DA:7,4
DA:9,0
DA:10,0
DA:15,0
DA:17,0
DA:18,0
DA:20,0
DA:21,0
DA:24,0
DA:26,0
DA:27,0
DA:28,0
DA:29,0
DA:30,0
DA:32,0
DA:34,0
DA:35,0
DA:37,0
DA:38,0
DA:40,0
DA:41,0
DA:55,0
DA:56,0
DA:57,0
DA:59,0
DA:60,0
DA:61,0
DA:62,0
DA:88,0
DA:90,0
DA:96,0
DA:97,0
DA:98,0
DA:109,0
DA:111,0
DA:114,0
DA:117,0
DA:127,0
DA:129,0
DA:130,0
DA:140,0
DA:144,0
LF:42
LH:1
end_of_record
SF:lib\pages\setcodepage.dart
DA:15,1
DA:17,1
DA:18,1
DA:23,0
DA:24,0
DA:25,0
DA:26,0
DA:28,0
DA:29,0
DA:30,0
DA:31,0
DA:35,0
DA:36,0
DA:37,0
DA:40,1
DA:42,1
DA:43,1
DA:44,1
DA:45,3
DA:46,3
DA:57,1
DA:58,1
DA:59,1
DA:61,1
DA:62,2
DA:71,1
DA:73,1
DA:74,0
DA:75,0
DA:88,1
DA:90,1
DA:91,1
DA:92,1
DA:94,1
DA:95,2
DA:96,2
DA:98,1
DA:99,1
DA:100,0
LF:39
LH:25
end_of_record
SF:lib\widgets\bargraph.dart
DA:9,0
DA:11,0
DA:12,0
DA:13,0
DA:14,0
DA:16,0
DA:17,0
DA:18,0
DA:23,0
DA:25,0
DA:26,0
DA:27,0
DA:28,0
DA:29,0
DA:30,0
DA:32,0
DA:33,0
DA:34,0
DA:35,0
DA:39,0
DA:40,0
DA:41,0
DA:42,0
DA:43,0
DA:44,0
DA:45,0
DA:46,0
DA:48,0
DA:50,0
DA:51,0
DA:53,0
DA:54,0
DA:55,0
DA:64,0
DA:65,0
DA:66,0
DA:67,0
DA:68,0
DA:69,0
DA:70,0
DA:72,0
DA:74,0
DA:75,0
DA:77,0
DA:78,0
DA:79,0
DA:88,0
DA:89,0
DA:90,0
DA:91,0
DA:92,0
DA:93,0
DA:94,0
DA:96,0
DA:98,0
DA:99,0
DA:101,0
DA:102,0
DA:103,0
DA:112,0
DA:113,0
DA:114,0
DA:115,0
DA:116,0
DA:117,0
DA:118,0
DA:120,0
DA:122,0
DA:123,0
DA:125,0
DA:126,0
DA:127,0
DA:136,0
DA:137,0
DA:138,0
DA:139,0
DA:140,0
DA:141,0
DA:142,0
DA:144,0
DA:146,0
DA:147,0
DA:149,0
DA:150,0
DA:151,0
DA:160,0
DA:161,0
DA:162,0
DA:163,0
DA:164,0
DA:165,0
DA:166,0
DA:168,0
DA:170,0
DA:171,0
DA:173,0
DA:174,0
DA:175,0
DA:176,0
DA:185,0
DA:186,0
DA:187,0
DA:188,0
DA:189,0
DA:190,0
DA:191,0
DA:193,0
DA:195,0
DA:196,0
DA:198,0
DA:199,0
DA:200,0
DA:201,0
DA:212,0
DA:214,0
DA:216,0
DA:220,0
DA:222,0
DA:225,0
DA:226,0
DA:227,0
DA:230,0
DA:231,0
DA:232,0
DA:238,0
DA:240,0
DA:241,0
DA:242,0
LF:128
LH:0
end_of_record
